<?xml version="1.0" encoding="UTF-8"?>
<!-- Generated by org.testng.reporters.JUnitReportReporter -->
<testsuite hostname="SANDAS-BLRM21.local" failures="0" tests="2" name="pom.tests.AddToCartWithoutLoginTestCase" time="45.485" errors="0" timestamp="2023-05-14T11:59:49 IST" skipped="0">
  <testcase classname="pom.tests.AddToCartWithoutLoginTestCase" name="withoutLogin" time="24.958"/>
  <system-out/>
  <testcase classname="pom.tests.AddToCartWithoutLoginTestCase" name="withLogin" time="20.527"/>
  <system-out/>
</testsuite> <!-- pom.tests.AddToCartWithoutLoginTestCase -->
