<?xml version="1.0" encoding="UTF-8"?>
<!-- Generated by org.testng.reporters.JUnitReportReporter -->
<testsuite hostname="SANDAS-BLRM21.local" failures="0" tests="1" name="pom.tests.AddToCartTest" time="18.137" errors="0" timestamp="2023-05-14T11:59:49 IST" skipped="0">
  <testcase classname="pom.tests.AddToCartTest" name="addToCartProduct" time="18.137"/>
  <system-out/>
</testsuite> <!-- pom.tests.AddToCartTest -->
